build/app/outputs/mapping/release/mapping.txt
# compiler: R8
# compiler_version: 1.5.64
# min_api: 16
# pg_map_id: 7132941
...
com.google.common.util.concurrent.SettableFuture -> b.a.a.b.a.f:
    boolean set(java.lang.Object) -> a
    boolean setException(java.lang.Throwable) -> a
    com.google.common.util.concurrent.SettableFuture create() -> g
com.google.common.util.concurrent.ThreadFactoryBuilder -> b.a.a.b.a.g:
    java.lang.Integer priority -> c
    java.lang.Thread$UncaughtExceptionHandler uncaughtExceptionHandler -> d
    java.util.concurrent.ThreadFactory backingThreadFactory -> e
    java.lang.String nameFormat -> a
    java.lang.Boolean daemon -> b
    java.lang.String access$000(java.lang.String,java.lang.Object[]) -> a
    java.util.concurrent.ThreadFactory build() -> a
    java.util.concurrent.ThreadFactory doBuild(com.google.common.util.concurrent.ThreadFactoryBuilder) -> a
    com.google.common.util.concurrent.ThreadFactoryBuilder setNameFormat(java.lang.String) -> a
    com.google.common.util.concurrent.ThreadFactoryBuilder setPriority(int) -> a
    java.lang.String format(java.lang.String,java.lang.Object[]) -> b
com.google.common.util.concurrent.ThreadFactoryBuilder$1 -> b.a.a.b.a.g$a:
    java.util.concurrent.atomic.AtomicLong val$count -> c
    java.lang.Integer val$priority -> e
    java.lang.Thread$UncaughtExceptionHandler val$uncaughtExceptionHandler -> f
    java.util.concurrent.ThreadFactory val$backingThreadFactory -> a
    java.lang.String val$nameFormat -> b
    java.lang.Boolean val$daemon -> d
com.google.common.util.concurrent.Uninterruptibles -> b.a.a.b.a.h:
    java.lang.Object getUninterruptibly(java.util.concurrent.Future) -> a
com.google.common.util.concurrent.internal.InternalFutureFailureAccess -> b.a.a.b.a.i.a:
    java.lang.Throwable tryInternalFastPathGetFailure() -> a
com.google.common.util.concurrent.internal.InternalFutures -> b.a.a.b.a.i.b:
    java.lang.Throwable tryInternalFastPathGetFailure(com.google.common.util.concurrent.internal.InternalFutureFailureAccess) -> a
io.flutter.FlutterInjector -> c.a.a:
    io.flutter.embedding.engine.loader.FlutterLoader flutterLoader -> b
    boolean shouldLoadNative -> a
    io.flutter.FlutterInjector instance -> c
    io.flutter.embedding.engine.loader.FlutterLoader flutterLoader() -> a
    boolean shouldLoadNative() -> b
    io.flutter.FlutterInjector instance() -> c
io.flutter.FlutterInjector$1 -> c.a.a$a:
io.flutter.FlutterInjector$Builder -> c.a.a$b:
    io.flutter.embedding.engine.loader.FlutterLoader flutterLoader -> b
    boolean shouldLoadNative -> a
    io.flutter.FlutterInjector build() -> a
    void fillDefaults() -> b
io.flutter.Log -> c.a.b:
    void d(java.lang.String,java.lang.String) -> a
    void e(java.lang.String,java.lang.String,java.lang.Throwable) -> a
    void e(java.lang.String,java.lang.String) -> b
    void v(java.lang.String,java.lang.String) -> c
    void w(java.lang.String,java.lang.String) -> d
io.flutter.embedding.android.AndroidKeyProcessor -> io.flutter.embedding.android.a:
    long eventIdSerial -> e
    io.flutter.embedding.engine.systemchannels.KeyEventChannel keyEventChannel -> a
    io.flutter.embedding.android.AndroidKeyProcessor$EventResponder eventResponder -> d
    int combiningCharacter -> c
    io.flutter.plugin.editing.TextInputPlugin textInputPlugin -> b
    java.lang.Character applyCombiningCharacterToBaseCharacter(int) -> a
    void destroy() -> a
    boolean onKeyDown(android.view.KeyEvent) -> a
    boolean onKeyUp(android.view.KeyEvent) -> b
io.flutter.embedding.android.AndroidKeyProcessor$EventResponder -> io.flutter.embedding.android.a$a:
    java.util.Deque pendingEvents -> a
    android.view.View view -> b
    boolean dispatchingKeyEvent -> c
    void addEvent(long,android.view.KeyEvent) -> a
    void dispatchKeyEvent(android.view.KeyEvent) -> a
    void onKeyEventNotHandled(long) -> a
    void onKeyEventHandled(long) -> b
    android.view.KeyEvent removePendingEvent(long) -> c